#
# A fatal error has been detected by the Java Runtime Environment:
#
#  EXCEPTION_ACCESS_VIOLATION (0xc0000005) at pc=0x000000000808b18d, pid=3052, tid=0x0000000000001898
#
# JRE version: OpenJDK Runtime Environment (8.0_202-b03) (build 1.8.0_202-release-1483-b03)
# Java VM: OpenJDK 64-Bit Server VM (25.202-b03 mixed mode windows-amd64 compressed oops)
# Problematic frame:
# J 28619 C1 org.gradle.api.internal.tasks.properties.GetInputPropertiesVisitor$1.create()Ljava/util/Map; (114 bytes) @ 0x000000000808b18d [0x000000000808a540+0xc4d]
#
# Failed to write core dump. Minidumps are not enabled by default on client versions of Windows
#
# If you would like to submit a bug report, please visit:
#   http://bugreport.java.com/bugreport/crash.jsp
#

---------------  T H R E A D  ---------------

Current thread (0x000000001c326800):  JavaThread "Daemon worker Thread 19" [_thread_in_Java, id=6296, stack(0x000000001ae10000,0x000000001af10000)]

siginfo: ExceptionCode=0xc0000005, reading address 0xffffffffffffffff

Registers:
RAX=0x00000000fa481758, RBX=0x0000000100236830, RCX=0x0000000000000000, RDX=0x010000011d952b90
RSP=0x000000001af0b580, RBP=0x00000000ee6e3878, RSI=0x00000000c34dea38, RDI=0x0000000000114ac8
R8 =0x0000000000000000, R9 =0x00000000ee6e3358, R10=0x0000000000000000, R11=0x00000000200002c2
R12=0x0000000000000000, R13=0x000000000000003b, R14=0x0000000000000030, R15=0x000000001c326800
RIP=0x000000000808b18d, EFLAGS=0x0000000000010206

Top of Stack: (sp=0x000000001af0b580)
0x000000001af0b580:   00000000ee898ee8 00000000ee898d70
0x000000001af0b590:   0000000000000010 00007ffd7ef407cd
0x000000001af0b5a0:   000000000000000d 00000000ee898d70
0x000000001af0b5b0:   00000000ee898ee8 0000000000000088
0x000000001af0b5c0:   0000000000000000 00007ffd7ef2923c
0x000000001af0b5d0:   00000000c03ad740 00000000ee898d58
0x000000001af0b5e0:   00000000c19ef450 000000000000003b
0x000000001af0b5f0:   0000003200000009 000000001af0b640
0x000000001af0b600:   000000251a69d719 0000000022c7d050
0x000000001af0b610:   00000000ee6e3878 0000000005c4436c
0x000000001af0b620:   000000001c326800 000000007fffffff
0x000000001af0b630:   0000000080000001 0000000000000000
0x000000001af0b640:   00000000ee898fe8 00000000ee6e38b0
0x000000001af0b650:   00000000ee899018 00000000ee6e1098
0x000000001af0b660:   00000000c34dea38 0000000000000000
0x000000001af0b670:   0000000000000000 00007ffd6dd5c344 

Instructions: (pc=0x000000000808b18d)
0x000000000808b16d:   a8 17 15 00 00 00 00 81 e7 f8 ff 7f 00 83 ff 00
0x000000000808b17d:   0f 84 d2 0d 00 00 48 ba d8 4a 33 15 00 00 00 00
0x000000000808b18d:   48 83 82 08 01 00 00 01 48 ba a8 01 33 15 00 00
0x000000000808b19d:   00 00 8b ba dc 00 00 00 83 c7 08 89 ba dc 00 00 


Register to memory mapping:

RAX=0x00000000fa481758 is an oop
java.lang.String 
 - klass: 'java/lang/String'
RBX=0x0000000100236830 is pointing into metadata
RCX=0x0000000000000000 is an unknown value
RDX=0x010000011d952b90 is an unknown value
RSP=0x000000001af0b580 is pointing into the stack for thread: 0x000000001c326800
RBP=0x00000000ee6e3878 is an oop
org.gradle.api.internal.tasks.properties.DefaultTaskProperties 
 - klass: 'org/gradle/api/internal/tasks/properties/DefaultTaskProperties'
RSI=0x00000000c34dea38 is an oop
java.lang.String 
 - klass: 'java/lang/String'
RDI=0x0000000000114ac8 is an unknown value
R8 =0x0000000000000000 is an unknown value
R9 =0x00000000ee6e3358 is an oop
[Ljava.lang.Object; 
 - klass: 'java/lang/Object'[]
 - length: 22
R10=0x0000000000000000 is an unknown value
R11=0x00000000200002c2 is an unknown value
R12=0x0000000000000000 is an unknown value
R13=0x000000000000003b is an unknown value
R14=0x0000000000000030 is an unknown value
R15=0x000000001c326800 is a thread


Stack: [0x000000001ae10000,0x000000001af10000],  sp=0x000000001af0b580,  free space=1005k
Native frames: (J=compiled Java code, j=interpreted, Vv=VM code, C=native code)
C  0x000000000808b18d


---------------  P R O C E S S  ---------------

Java Threads: ( => current thread )
  0x0000000018d7f800 JavaThread "Cache worker for execution history cache (E:\android\MyApplication\.gradle\5.4.1\executionHistory)" [_thread_blocked, id=4152, stack(0x0000000027b70000,0x0000000027c70000)]
  0x0000000018d7c000 JavaThread "Execution worker for ':' Thread 3" [_thread_blocked, id=2880, stack(0x0000000026a10000,0x0000000026b10000)]
  0x0000000018d7d800 JavaThread "Execution worker for ':' Thread 2" [_thread_blocked, id=9900, stack(0x0000000026650000,0x0000000026750000)]
  0x0000000018d72000 JavaThread "Execution worker for ':'" [_thread_blocked, id=9968, stack(0x00000000262f0000,0x00000000263f0000)]
  0x0000000018d78000 JavaThread "Cache worker for file content cache (E:\android\MyApplication\.gradle\5.4.1\fileContent)" [_thread_blocked, id=8960, stack(0x0000000025990000,0x0000000025a90000)]
  0x0000000018d77000 JavaThread "Cache worker for Build Output Cleanup Cache (E:\android\MyApplication\.gradle\buildOutputCleanup)" [_thread_blocked, id=4356, stack(0x0000000025290000,0x0000000025390000)]
  0x0000000018d72800 JavaThread "Build operations Thread 4" [_thread_blocked, id=8040, stack(0x0000000024790000,0x0000000024890000)]
  0x000000001c334000 JavaThread "Build operations Thread 3" [_thread_blocked, id=9824, stack(0x0000000023890000,0x0000000023990000)]
  0x000000001c333000 JavaThread "Build operations Thread 2" [_thread_blocked, id=2712, stack(0x0000000022e20000,0x0000000022f20000)]
  0x000000001c32a000 JavaThread "Build operations" [_thread_blocked, id=10208, stack(0x0000000020bd0000,0x0000000020cd0000)]
  0x000000001c331000 JavaThread "Cache worker for cache directory md-rule (C:\Users\Administrator\.gradle\caches\5.4.1\md-rule)" [_thread_blocked, id=3436, stack(0x000000001fa70000,0x000000001fb70000)]
  0x000000001c330000 JavaThread "Cache worker for cache directory md-supplier (C:\Users\Administrator\.gradle\caches\5.4.1\md-supplier)" [_thread_blocked, id=9464, stack(0x000000001f970000,0x000000001fa70000)]
  0x000000001c32f800 JavaThread "Cache worker for file hash cache (E:\android\MyApplication\.gradle\5.4.1\fileHashes)" [_thread_blocked, id=9548, stack(0x000000001f870000,0x000000001f970000)]
  0x000000001c328800 JavaThread "Thread-645" [_thread_blocked, id=9852, stack(0x000000001ddb0000,0x000000001deb0000)]
  0x000000001c328000 JavaThread "Stdin handler" [_thread_blocked, id=784, stack(0x000000001dcb0000,0x000000001ddb0000)]
  0x000000001c329800 JavaThread "Asynchronous log dispatcher for DefaultDaemonConnection: socket connection from /127.0.0.1:50434 to /127.0.0.1:53121" [_thread_blocked, id=9604, stack(0x000000001dbb0000,0x000000001dcb0000)]
=>0x000000001c326800 JavaThread "Daemon worker Thread 19" [_thread_in_Java, id=6296, stack(0x000000001ae10000,0x000000001af10000)]
  0x000000001c32d000 JavaThread "Cancel handler" [_thread_blocked, id=4560, stack(0x000000001ab10000,0x000000001ac10000)]
  0x000000001c32c800 JavaThread "Handler for socket connection from /127.0.0.1:50434 to /127.0.0.1:53121" [_thread_in_native, id=9560, stack(0x000000001aa10000,0x000000001ab10000)]
  0x000000001c32b800 JavaThread "Daemon Thread 19" [_thread_blocked, id=7560, stack(0x00000000011f0000,0x00000000012f0000)]
  0x0000000017031800 JavaThread "Cache worker for Java compile cache (C:\Users\Administrator\.gradle\caches\5.4.1\javaCompile)" [_thread_blocked, id=7924, stack(0x0000000024590000,0x0000000024690000)]
  0x000000001ea97000 JavaThread "Cache worker for file content cache (C:\Users\Administrator\.gradle\caches\5.4.1\fileContent)" [_thread_blocked, id=2520, stack(0x00000000210d0000,0x00000000211d0000)]
  0x000000001ea92000 JavaThread "Memory manager" [_thread_blocked, id=8672, stack(0x0000000022f90000,0x0000000023090000)]
  0x000000001ea8e000 JavaThread "Cache worker for execution history cache (C:\Users\Administrator\.gradle\caches\5.4.1\executionHistory)" [_thread_blocked, id=2012, stack(0x000000001f570000,0x000000001f670000)]
  0x0000000018276800 JavaThread "Cache worker for journal cache (C:\Users\Administrator\.gradle\caches\journal-1)" [_thread_blocked, id=352, stack(0x000000001b110000,0x000000001b210000)]
  0x0000000018276000 JavaThread "File lock request listener" [_thread_in_native, id=892, stack(0x000000001b010000,0x000000001b110000)]
  0x0000000018279800 JavaThread "Cache worker for file hash cache (C:\Users\Administrator\.gradle\caches\5.4.1\fileHashes)" [_thread_blocked, id=9156, stack(0x000000001af10000,0x000000001b010000)]
  0x0000000018329800 JavaThread "Daemon periodic checks" [_thread_in_native, id=2488, stack(0x000000001a510000,0x000000001a610000)]
  0x00000000184d9800 JavaThread "Incoming local TCP Connector on port 50434" [_thread_in_native, id=5004, stack(0x000000001a360000,0x000000001a460000)]
  0x0000000018aee000 JavaThread "Daemon health stats" [_thread_blocked, id=8744, stack(0x0000000019070000,0x0000000019170000)]
  0x0000000016e09800 JavaThread "Service Thread" daemon [_thread_blocked, id=6052, stack(0x00000000176a0000,0x00000000177a0000)]
  0x0000000016df4000 JavaThread "C1 CompilerThread2" daemon [_thread_blocked, id=9148, stack(0x00000000175a0000,0x00000000176a0000)]
  0x0000000015a8c000 JavaThread "C2 CompilerThread1" daemon [_thread_blocked, id=3644, stack(0x00000000174a0000,0x00000000175a0000)]
  0x0000000015a3d800 JavaThread "C2 CompilerThread0" daemon [_thread_in_native, id=7920, stack(0x00000000173a0000,0x00000000174a0000)]
  0x0000000015a88800 JavaThread "Attach Listener" daemon [_thread_blocked, id=8312, stack(0x00000000172a0000,0x00000000173a0000)]
  0x0000000016da8800 JavaThread "Signal Dispatcher" daemon [_thread_blocked, id=980, stack(0x00000000171a0000,0x00000000172a0000)]
  0x000000000335b000 JavaThread "Finalizer" daemon [_thread_blocked, id=5364, stack(0x0000000016ca0000,0x0000000016da0000)]
  0x0000000015a19000 JavaThread "Reference Handler" daemon [_thread_blocked, id=1172, stack(0x0000000016ba0000,0x0000000016ca0000)]
  0x000000000325e000 JavaThread "main" [_thread_blocked, id=5588, stack(0x00000000030a0000,0x00000000031a0000)]

Other Threads:
  0x00000000159f6000 VMThread [stack: 0x0000000016aa0000,0x0000000016ba0000] [id=5404]
  0x0000000016e0c000 WatcherThread [stack: 0x00000000177a0000,0x00000000178a0000] [id=2200]

VM state:not at safepoint (normal execution)

VM Mutex/Monitor currently owned by a thread: None

heap address: 0x00000000c0000000, size: 1024 MB, Compressed Oops mode: 32-bit
Narrow klass base: 0x0000000000000000, Narrow klass shift: 3
Compressed class space size: 1073741824 Address: 0x0000000100000000

Heap:
 PSYoungGen      total 258560K, used 70239K [0x00000000eab00000, 0x0000000100000000, 0x0000000100000000)
  eden space 173568K, 36% used [0x00000000eab00000,0x00000000ee8e3fa8,0x00000000f5480000)
  from space 84992K, 8% used [0x00000000fa380000,0x00000000faa34010,0x00000000ff680000)
  to   space 80896K, 0% used [0x00000000f5480000,0x00000000f5480000,0x00000000fa380000)
 ParOldGen       total 580096K, used 500531K [0x00000000c0000000, 0x00000000e3680000, 0x00000000eab00000)
  object space 580096K, 86% used [0x00000000c0000000,0x00000000de8cccd0,0x00000000e3680000)
 Metaspace       used 147993K, capacity 157368K, committed 159576K, reserved 1187840K
  class space    used 18526K, capacity 20105K, committed 20608K, reserved 1048576K

Card table byte_map: [0x0000000012720000,0x0000000012930000] byte_map_base: 0x0000000012120000

Marking Bits: (ParMarkBitMap*) 0x000000006ddc9f30
 Begin Bits: [0x0000000012e90000, 0x0000000013e90000)
 End Bits:   [0x0000000013e90000, 0x0000000014e90000)

Polling page: 0x00000000010e0000

CodeCache: size=245760Kb used=113595Kb max_used=114340Kb free=132164Kb
 bounds [0x0000000003360000, 0x000000000a400000, 0x0000000012360000]
 total_blobs=29981 nmethods=29066 adapters=824
 compilation: enabled

Compilation events (10 events):
Event: 6001.953 Thread 0x0000000016df4000 40901       3       org.gradle.api.internal.tasks.properties.DefaultTaskProperties$2::visitContents (53 bytes)
Event: 6001.954 Thread 0x0000000016df4000 nmethod 40901 0x0000000006b2ae10 code [0x0000000006b2afe0, 0x0000000006b2b758]
Event: 6001.956 Thread 0x0000000016df4000 40902   !   3       java.net.URI::encode (142 bytes)
Event: 6001.957 Thread 0x0000000016df4000 nmethod 40902 0x0000000009451990 code [0x0000000009451cc0, 0x00000000094537f8]
Event: 6001.971 Thread 0x0000000016df4000 40903       3       org.gradle.api.JavaVersion::findFirstNonVersionCharIndex (63 bytes)
Event: 6001.972 Thread 0x0000000016df4000 nmethod 40903 0x0000000006fe3d10 code [0x0000000006fe3ee0, 0x0000000006fe4848]
Event: 6001.972 Thread 0x0000000016df4000 40904   !   3       org.gradle.api.JavaVersion::convertToNumber (114 bytes)
Event: 6001.973 Thread 0x0000000016df4000 nmethod 40904 0x0000000003611b10 code [0x0000000003611e00, 0x00000000036135d8]
Event: 6001.973 Thread 0x0000000016df4000 40905       3       org.gradle.api.JavaVersion::isLegacyVersion (33 bytes)
Event: 6001.973 Thread 0x0000000016df4000 nmethod 40905 0x0000000005b55810 code [0x0000000005b559a0, 0x0000000005b55e78]

GC Heap History (10 events):
Event: 5775.733 GC heap before
{Heap before GC invocations=182 (full 10):
 PSYoungGen      total 274944K, used 210752K [0x00000000eab00000, 0x00000000ffc80000, 0x0000000100000000)
  eden space 209920K, 100% used [0x00000000eab00000,0x00000000f7800000,0x00000000f7800000)
  from space 65024K, 1% used [0x00000000f7800000,0x00000000f78d0000,0x00000000fb780000)
  to   space 62464K, 0% used [0x00000000fbf80000,0x00000000fbf80000,0x00000000ffc80000)
 ParOldGen       total 580096K, used 403099K [0x00000000c0000000, 0x00000000e3680000, 0x00000000eab00000)
  object space 580096K, 69% used [0x00000000c0000000,0x00000000d89a6df0,0x00000000e3680000)
 Metaspace       used 147846K, capacity 157156K, committed 159576K, reserved 1187840K
  class space    used 18525K, capacity 20105K, committed 20608K, reserved 1048576K
Event: 5775.772 GC heap after
Heap after GC invocations=182 (full 10):
 PSYoungGen      total 247808K, used 62433K [0x00000000eab00000, 0x0000000100000000, 0x0000000100000000)
  eden space 185344K, 0% used [0x00000000eab00000,0x00000000eab00000,0x00000000f6000000)
  from space 62464K, 99% used [0x00000000fbf80000,0x00000000ffc78770,0x00000000ffc80000)
  to   space 81920K, 0% used [0x00000000f6000000,0x00000000f6000000,0x00000000fb000000)
 ParOldGen       total 580096K, used 421025K [0x00000000c0000000, 0x00000000e3680000, 0x00000000eab00000)
  object space 580096K, 72% used [0x00000000c0000000,0x00000000d9b28400,0x00000000e3680000)
 Metaspace       used 147846K, capacity 157156K, committed 159576K, reserved 1187840K
  class space    used 18525K, capacity 20105K, committed 20608K, reserved 1048576K
}
Event: 5776.290 GC heap before
{Heap before GC invocations=183 (full 10):
 PSYoungGen      total 247808K, used 247777K [0x00000000eab00000, 0x0000000100000000, 0x0000000100000000)
  eden space 185344K, 100% used [0x00000000eab00000,0x00000000f6000000,0x00000000f6000000)
  from space 62464K, 99% used [0x00000000fbf80000,0x00000000ffc78770,0x00000000ffc80000)
  to   space 81920K, 0% used [0x00000000f6000000,0x00000000f6000000,0x00000000fb000000)
 ParOldGen       total 580096K, used 421025K [0x00000000c0000000, 0x00000000e3680000, 0x00000000eab00000)
  object space 580096K, 72% used [0x00000000c0000000,0x00000000d9b28400,0x00000000e3680000)
 Metaspace       used 147851K, capacity 157156K, committed 159576K, reserved 1187840K
  class space    used 18525K, capacity 20105K, committed 20608K, reserved 1048576K
Event: 5776.352 GC heap after
Heap after GC invocations=183 (full 10):
 PSYoungGen      total 247296K, used 61652K [0x00000000eab00000, 0x0000000100000000, 0x0000000100000000)
  eden space 185344K, 0% used [0x00000000eab00000,0x00000000eab00000,0x00000000f6000000)
  from space 61952K, 99% used [0x00000000f6000000,0x00000000f9c351d8,0x00000000f9c80000)
  to   space 91136K, 0% used [0x00000000fa700000,0x00000000fa700000,0x0000000100000000)
 ParOldGen       total 580096K, used 470498K [0x00000000c0000000, 0x00000000e3680000, 0x00000000eab00000)
  object space 580096K, 81% used [0x00000000c0000000,0x00000000dcb78b60,0x00000000e3680000)
 Metaspace       used 147851K, capacity 157156K, committed 159576K, reserved 1187840K
  class space    used 18525K, capacity 20105K, committed 20608K, reserved 1048576K
}
Event: 5776.953 GC heap before
{Heap before GC invocations=184 (full 10):
 PSYoungGen      total 247296K, used 246996K [0x00000000eab00000, 0x0000000100000000, 0x0000000100000000)
  eden space 185344K, 100% used [0x00000000eab00000,0x00000000f6000000,0x00000000f6000000)
  from space 61952K, 99% used [0x00000000f6000000,0x00000000f9c351d8,0x00000000f9c80000)
  to   space 91136K, 0% used [0x00000000fa700000,0x00000000fa700000,0x0000000100000000)
 ParOldGen       total 580096K, used 470498K [0x00000000c0000000, 0x00000000e3680000, 0x00000000eab00000)
  object space 580096K, 81% used [0x00000000c0000000,0x00000000dcb78b60,0x00000000e3680000)
 Metaspace       used 147860K, capacity 157220K, committed 159576K, reserved 1187840K
  class space    used 18525K, capacity 20105K, committed 20608K, reserved 1048576K
Event: 5776.974 GC heap after
Heap after GC invocations=184 (full 10):
 PSYoungGen      total 260608K, used 1515K [0x00000000eab00000, 0x0000000100000000, 0x0000000100000000)
  eden space 169472K, 0% used [0x00000000eab00000,0x00000000eab00000,0x00000000f5080000)
  from space 91136K, 1% used [0x00000000fa700000,0x00000000fa87afc0,0x0000000100000000)
  to   space 88576K, 0% used [0x00000000f5080000,0x00000000f5080000,0x00000000fa700000)
 ParOldGen       total 580096K, used 498316K [0x00000000c0000000, 0x00000000e3680000, 0x00000000eab00000)
  object space 580096K, 85% used [0x00000000c0000000,0x00000000de6a3090,0x00000000e3680000)
 Metaspace       used 147860K, capacity 157220K, committed 159576K, reserved 1187840K
  class space    used 18525K, capacity 20105K, committed 20608K, reserved 1048576K
}
Event: 5817.240 GC heap before
{Heap before GC invocations=185 (full 10):
 PSYoungGen      total 260608K, used 170987K [0x00000000eab00000, 0x0000000100000000, 0x0000000100000000)
  eden space 169472K, 100% used [0x00000000eab00000,0x00000000f5080000,0x00000000f5080000)
  from space 91136K, 1% used [0x00000000fa700000,0x00000000fa87afc0,0x0000000100000000)
  to   space 88576K, 0% used [0x00000000f5080000,0x00000000f5080000,0x00000000fa700000)
 ParOldGen       total 580096K, used 498316K [0x00000000c0000000, 0x00000000e3680000, 0x00000000eab00000)
  object space 580096K, 85% used [0x00000000c0000000,0x00000000de6a3090,0x00000000e3680000)
 Metaspace       used 147894K, capacity 157284K, committed 159576K, reserved 1187840K
  class space    used 18525K, capacity 20105K, committed 20608K, reserved 1048576K
Event: 5817.250 GC heap after
Heap after GC invocations=185 (full 10):
 PSYoungGen      total 176640K, used 6826K [0x00000000eab00000, 0x00000000ff680000, 0x0000000100000000)
  eden space 169472K, 0% used [0x00000000eab00000,0x00000000eab00000,0x00000000f5080000)
  from space 7168K, 95% used [0x00000000f5080000,0x00000000f572abe0,0x00000000f5780000)
  to   space 84992K, 0% used [0x00000000fa380000,0x00000000fa380000,0x00000000ff680000)
 ParOldGen       total 580096K, used 499500K [0x00000000c0000000, 0x00000000e3680000, 0x00000000eab00000)
  object space 580096K, 86% used [0x00000000c0000000,0x00000000de7cb0b0,0x00000000e3680000)
 Metaspace       used 147894K, capacity 157284K, committed 159576K, reserved 1187840K
  class space    used 18525K, capacity 20105K, committed 20608K, reserved 1048576K
}
Event: 6001.762 GC heap before
{Heap before GC invocations=186 (full 10):
 PSYoungGen      total 176640K, used 176298K [0x00000000eab00000, 0x00000000ff680000, 0x0000000100000000)
  eden space 169472K, 100% used [0x00000000eab00000,0x00000000f5080000,0x00000000f5080000)
  from space 7168K, 95% used [0x00000000f5080000,0x00000000f572abe0,0x00000000f5780000)
  to   space 84992K, 0% used [0x00000000fa380000,0x00000000fa380000,0x00000000ff680000)
 ParOldGen       total 580096K, used 499500K [0x00000000c0000000, 0x00000000e3680000, 0x00000000eab00000)
  object space 580096K, 86% used [0x00000000c0000000,0x00000000de7cb0b0,0x00000000e3680000)
 Metaspace       used 147989K, capacity 157368K, committed 159576K, reserved 1187840K
  class space    used 18526K, capacity 20105K, committed 20608K, reserved 1048576K
Event: 6001.772 GC heap after
Heap after GC invocations=186 (full 10):
 PSYoungGen      total 258560K, used 6864K [0x00000000eab00000, 0x0000000100000000, 0x0000000100000000)
  eden space 173568K, 0% used [0x00000000eab00000,0x00000000eab00000,0x00000000f5480000)
  from space 84992K, 8% used [0x00000000fa380000,0x00000000faa34010,0x00000000ff680000)
  to   space 80896K, 0% used [0x00000000f5480000,0x00000000f5480000,0x00000000fa380000)
 ParOldGen       total 580096K, used 500531K [0x00000000c0000000, 0x00000000e3680000, 0x00000000eab00000)
  object space 580096K, 86% used [0x00000000c0000000,0x00000000de8cccd0,0x00000000e3680000)
 Metaspace       used 147989K, capacity 157368K, committed 159576K, reserved 1187840K
  class space    used 18526K, capacity 20105K, committed 20608K, reserved 1048576K
}

Deoptimization events (10 events):
Event: 5774.424 Thread 0x0000000018d77000 Uncommon trap: reason=array_check action=maybe_recompile pc=0x000000000979902c method=com.android.tools.r8.m.a.a.b.d0.a([Ljava/lang/Object;I)I @ 27
Event: 5774.425 Thread 0x0000000018d77000 Uncommon trap: reason=array_check action=maybe_recompile pc=0x000000000979902c method=com.android.tools.r8.m.a.a.b.d0.a([Ljava/lang/Object;I)I @ 27
Event: 5774.777 Thread 0x0000000018d77000 Uncommon trap: reason=class_check action=maybe_recompile pc=0x0000000003f6749c method=java.util.stream.AbstractPipeline.evaluate(Ljava/util/Spliterator;ZLjava/util/function/IntFunction;)Ljava/util/stream/Node; @ 35
Event: 5774.801 Thread 0x0000000018d77000 Uncommon trap: reason=array_check action=maybe_recompile pc=0x000000000a05d1fc method=java.util.TimSort.mergeHi(IIII)V @ 524
Event: 5775.595 Thread 0x0000000018d72000 Uncommon trap: reason=class_check action=maybe_recompile pc=0x0000000004834994 method=com.android.builder.dexing.D8DiagnosticsHandler.getOrigin(Lcom/android/builder/dexing/DexArchiveEntry;)Lcom/android/tools/r8/origin/Origin; @ 4
Event: 5775.832 Thread 0x0000000018d72000 Uncommon trap: reason=unstable_if action=reinterpret pc=0x00000000049a1d78 method=java.util.concurrent.ForkJoinTask.externalInterruptibleAwaitDone()I @ 102
Event: 5775.832 Thread 0x0000000018d72000 Uncommon trap: reason=unstable_if action=reinterpret pc=0x0000000005b55c5c method=java.util.concurrent.ForkJoinTask.externalInterruptibleAwaitDone()I @ 102
Event: 5776.560 Thread 0x000000001ea8f000 Uncommon trap: reason=class_check action=maybe_recompile pc=0x0000000009cfb054 method=com.android.tools.r8.dex.c.a(Ljava/util/List;Ljava/util/Map;Lcom/android/tools/r8/graph/DexEncodedMethod;)V @ 5
Event: 5776.948 Thread 0x000000001c331000 Uncommon trap: reason=bimorphic action=maybe_recompile pc=0x0000000008a34510 method=java.util.stream.StreamSpliterators$AbstractWrappingSpliterator.doAdvance()Z @ 37
Event: 5817.977 Thread 0x000000001ea8c800 Uncommon trap: reason=unstable_if action=reinterpret pc=0x000000000395f704 method=org.gradle.internal.remote.internal.inet.SocketConnection$SocketOutputStream.writeWithNonBlockingRetry()I @ 41

Classes redefined (0 events):
No events

Internal exceptions (10 events):
Event: 5775.399 Thread 0x0000000018d77000 Exception <a 'sun/nio/fs/WindowsException'> (0x00000000f6c1dd40) thrown at [D:\src\AOSP-openjdk-cygwin\jdk8u\hotspot\src\share\vm\prims\jni.cpp, line 710]
Event: 5775.575 Thread 0x0000000018d78000 Exception <a 'sun/nio/fs/WindowsException'> (0x00000000ec74b350) thrown at [D:\src\AOSP-openjdk-cygwin\jdk8u\hotspot\src\share\vm\prims\jni.cpp, line 710]
Event: 5775.596 Thread 0x0000000018d72000 Exception <a 'sun/nio/fs/WindowsException'> (0x00000000ee226170) thrown at [D:\src\AOSP-openjdk-cygwin\jdk8u\hotspot\src\share\vm\prims\jni.cpp, line 710]
Event: 5775.789 Thread 0x0000000018d72800 Exception <a 'sun/nio/fs/WindowsException'> (0x00000000eb6d7120) thrown at [D:\src\AOSP-openjdk-cygwin\jdk8u\hotspot\src\share\vm\prims\jni.cpp, line 710]
Event: 5776.359 Thread 0x0000000018d7b000 Exception <a 'sun/nio/fs/WindowsException'> (0x00000000eab65cf0) thrown at [D:\src\AOSP-openjdk-cygwin\jdk8u\hotspot\src\share\vm\prims\jni.cpp, line 710]
Event: 5776.898 Thread 0x000000001ea8f000 Exception <a 'sun/nio/fs/WindowsException'> (0x00000000f5ac0548) thrown at [D:\src\AOSP-openjdk-cygwin\jdk8u\hotspot\src\share\vm\prims\jni.cpp, line 710]
Event: 5777.410 Thread 0x000000001c328800 Exception <a 'sun/nio/fs/WindowsException'> (0x00000000f2336050) thrown at [D:\src\AOSP-openjdk-cygwin\jdk8u\hotspot\src\share\vm\prims\jni.cpp, line 710]
Event: 5777.410 Thread 0x000000001c328800 Exception <a 'sun/nio/fs/WindowsException'> (0x00000000f2337aa8) thrown at [D:\src\AOSP-openjdk-cygwin\jdk8u\hotspot\src\share\vm\prims\jni.cpp, line 710]
Event: 5817.986 Thread 0x000000001c328800 Exception <a 'sun/nio/fs/WindowsException'> (0x00000000f1dcf400) thrown at [D:\src\AOSP-openjdk-cygwin\jdk8u\hotspot\src\share\vm\prims\jni.cpp, line 710]
Event: 5817.986 Thread 0x000000001c328800 Exception <a 'sun/nio/fs/WindowsException'> (0x00000000f1dd0e58) thrown at [D:\src\AOSP-openjdk-cygwin\jdk8u\hotspot\src\share\vm\prims\jni.cpp, line 710]

Events (10 events):
Event: 6001.948 Executing VM operation: RevokeBias
Event: 6001.948 Executing VM operation: RevokeBias done
Event: 6001.963 Executing VM operation: RevokeBias
Event: 6001.963 Executing VM operation: RevokeBias done
Event: 6001.979 Executing VM operation: RevokeBias
Event: 6001.979 Executing VM operation: RevokeBias done
Event: 6001.979 Executing VM operation: RevokeBias
Event: 6001.980 Executing VM operation: RevokeBias done
Event: 6001.980 Executing VM operation: RevokeBias
Event: 6001.980 Executing VM operation: RevokeBias done


Dynamic libraries:
0x00007ff629230000 - 0x00007ff629261000 	C:\Program Files\Android\Android Studio\jre\bin\java.exe
0x00007ffd7ef00000 - 0x00007ffd7f0f0000 	C:\Windows\SYSTEM32\ntdll.dll
0x00007ffd7da50000 - 0x00007ffd7db02000 	C:\Windows\System32\KERNEL32.DLL
0x00007ffd7c250000 - 0x00007ffd7c4f2000 	C:\Windows\System32\KERNELBASE.dll
0x00007ffd7dcc0000 - 0x00007ffd7dd63000 	C:\Windows\System32\ADVAPI32.DLL
0x00007ffd7cfc0000 - 0x00007ffd7d05e000 	C:\Windows\System32\msvcrt.dll
0x00007ffd7d500000 - 0x00007ffd7d597000 	C:\Windows\System32\sechost.dll
0x00007ffd7d060000 - 0x00007ffd7d180000 	C:\Windows\System32\RPCRT4.dll
0x00007ffd7db20000 - 0x00007ffd7dcb3000 	C:\Windows\System32\USER32.dll
0x00007ffd7c500000 - 0x00007ffd7c521000 	C:\Windows\System32\win32u.dll
0x00007ffd7e000000 - 0x00007ffd7e026000 	C:\Windows\System32\GDI32.dll
0x00007ffd7cd20000 - 0x00007ffd7ceb4000 	C:\Windows\System32\gdi32full.dll
0x00007ffd7bef0000 - 0x00007ffd7bf8e000 	C:\Windows\System32\msvcp_win.dll
0x00007ffd7cec0000 - 0x00007ffd7cfba000 	C:\Windows\System32\ucrtbase.dll
0x00007ffd6df10000 - 0x00007ffd6e195000 	C:\Windows\WinSxS\amd64_microsoft.windows.common-controls_6595b64144ccf1df_6.0.18362.53_none_a1435cd8519dc9c0\COMCTL32.dll
0x00007ffd7d6e0000 - 0x00007ffd7da16000 	C:\Windows\System32\combase.dll
0x00007ffd7c040000 - 0x00007ffd7c0c1000 	C:\Windows\System32\bcryptPrimitives.dll
0x00007ffd7d370000 - 0x00007ffd7d39e000 	C:\Windows\System32\IMM32.DLL
0x000000006d520000 - 0x000000006d5f2000 	C:\Program Files\Android\Android Studio\jre\jre\bin\msvcr100.dll
0x000000006d600000 - 0x000000006de46000 	C:\Program Files\Android\Android Studio\jre\jre\bin\server\jvm.dll
0x00007ffd7e7f0000 - 0x00007ffd7e7f8000 	C:\Windows\System32\PSAPI.DLL
0x00007ffd79e40000 - 0x00007ffd79e64000 	C:\Windows\SYSTEM32\WINMM.dll
0x00007ffd78640000 - 0x00007ffd78649000 	C:\Windows\SYSTEM32\WSOCK32.dll
0x00007ffd7dd70000 - 0x00007ffd7dddf000 	C:\Windows\System32\WS2_32.dll
0x00007ffd75dd0000 - 0x00007ffd75dda000 	C:\Windows\SYSTEM32\VERSION.dll
0x00007ffd79e10000 - 0x00007ffd79e3d000 	C:\Windows\SYSTEM32\WINMMBASE.dll
0x00007ffd7ccd0000 - 0x00007ffd7cd1a000 	C:\Windows\System32\cfgmgr32.dll
0x00007ffd78630000 - 0x00007ffd7863f000 	C:\Program Files\Android\Android Studio\jre\jre\bin\verify.dll
0x00007ffd6dd50000 - 0x00007ffd6dd79000 	C:\Program Files\Android\Android Studio\jre\jre\bin\java.dll
0x00007ffd776b0000 - 0x00007ffd776c6000 	C:\Program Files\Android\Android Studio\jre\jre\bin\zip.dll
0x00007ffd7e030000 - 0x00007ffd7e710000 	C:\Windows\System32\SHELL32.dll
0x00007ffd7e800000 - 0x00007ffd7e8a9000 	C:\Windows\System32\shcore.dll
0x00007ffd7c530000 - 0x00007ffd7ccab000 	C:\Windows\System32\windows.storage.dll
0x00007ffd7be50000 - 0x00007ffd7be6f000 	C:\Windows\System32\profapi.dll
0x00007ffd7bde0000 - 0x00007ffd7be2a000 	C:\Windows\System32\powrprof.dll
0x00007ffd7bdd0000 - 0x00007ffd7bde0000 	C:\Windows\System32\UMPDC.dll
0x00007ffd7e790000 - 0x00007ffd7e7e2000 	C:\Windows\System32\shlwapi.dll
0x00007ffd7be30000 - 0x00007ffd7be41000 	C:\Windows\System32\kernel.appcore.dll
0x00007ffd7ccb0000 - 0x00007ffd7ccc7000 	C:\Windows\System32\cryptsp.dll
0x00007ffd6d720000 - 0x00007ffd6d73a000 	C:\Program Files\Android\Android Studio\jre\jre\bin\net.dll
0x00007ffd7b5b0000 - 0x00007ffd7b617000 	C:\Windows\system32\mswsock.dll
0x00007ffd6d700000 - 0x00007ffd6d711000 	C:\Program Files\Android\Android Studio\jre\jre\bin\nio.dll
0x00007ffd71a20000 - 0x00007ffd71a46000 	C:\Users\Administrator\.gradle\native\29\windows-amd64\native-platform.dll
0x00007ffd71f10000 - 0x00007ffd71f1d000 	C:\Program Files\Android\Android Studio\jre\jre\bin\management.dll
0x00007ffd7b170000 - 0x00007ffd7b1a3000 	C:\Windows\system32\rsaenh.dll
0x00007ffd7c220000 - 0x00007ffd7c246000 	C:\Windows\System32\bcrypt.dll
0x00007ffd7bcf0000 - 0x00007ffd7bd15000 	C:\Windows\SYSTEM32\USERENV.dll
0x00007ffd7b780000 - 0x00007ffd7b78c000 	C:\Windows\SYSTEM32\CRYPTBASE.dll
0x00007ffd7b310000 - 0x00007ffd7b34a000 	C:\Windows\SYSTEM32\IPHLPAPI.DLL
0x00007ffd7db10000 - 0x00007ffd7db18000 	C:\Windows\System32\NSI.dll
0x00007ffd76830000 - 0x00007ffd76846000 	C:\Windows\SYSTEM32\dhcpcsvc6.DLL
0x00007ffd76810000 - 0x00007ffd7682c000 	C:\Windows\SYSTEM32\dhcpcsvc.DLL
0x00007ffd7b350000 - 0x00007ffd7b41a000 	C:\Windows\SYSTEM32\DNSAPI.dll
0x00007ffd7a070000 - 0x00007ffd7a0ff000 	C:\Windows\system32\apphelp.dll
0x00007ffd6b400000 - 0x00007ffd6b424000 	C:\Program Files\Android\Android Studio\jre\jre\bin\sunec.dll
0x00007ffd701b0000 - 0x00007ffd701ba000 	C:\Windows\System32\rasadhlp.dll
0x00007ffd75c60000 - 0x00007ffd75cd7000 	C:\Windows\System32\fwpuclnt.dll
0x00007ffd6dd40000 - 0x00007ffd6dd4b000 	C:\Program Files\Android\Android Studio\jre\jre\bin\sunmscapi.dll
0x00007ffd7c0d0000 - 0x00007ffd7c219000 	C:\Windows\System32\CRYPT32.dll
0x00007ffd7be70000 - 0x00007ffd7be82000 	C:\Windows\System32\MSASN1.dll
0x00007ffd5a400000 - 0x00007ffd5a5f4000 	C:\Windows\SYSTEM32\dbghelp.dll

VM Arguments:
jvm_args: -Xmx1024m -Dfile.encoding=GBK -Duser.country=CN -Duser.language=zh -Duser.variant 
java_command: org.gradle.launcher.daemon.bootstrap.GradleDaemon 5.4.1
java_class_path (initial): C:\Users\Administrator\.gradle\wrapper\dists\gradle-5.4.1-all\3221gyojl5jsh0helicew7rwx\gradle-5.4.1\lib\gradle-launcher-5.4.1.jar
Launcher Type: SUN_STANDARD

Environment Variables:
JAVA_HOME=C:\Program Files (x86)\Java\jdk1.8.0_71
PATH=C:\Program Files (x86)\Common Files\Oracle\Java\javapath;C:\ProgramData\Oracle\Java\javapath;C:\Windows\system32;C:\Windows;C:\Windows\System32\Wbem;C:\Windows\System32\WindowsPowerShell\v1.0\;C:\Windows\System32\OpenSSH\;C:\Program Files\TortoiseSVN\bin;C:\Users\Administrator\AppData\Local\Microsoft\WindowsApps;
USERNAME=Administrator
OS=Windows_NT
PROCESSOR_IDENTIFIER=Intel64 Family 6 Model 158 Stepping 9, GenuineIntel



---------------  S Y S T E M  ---------------

OS: Windows 10.0 , 64 bit Build 18362 (10.0.18362.53)

CPU:total 4 (initial active 4) (4 cores per cpu, 1 threads per core) family 6 model 158 stepping 9, cmov, cx8, fxsr, mmx, sse, sse2, sse3, ssse3, sse4.1, sse4.2, popcnt, avx, avx2, aes, clmul, erms, rtm, 3dnowpref, lzcnt, tsc, tscinvbit, bmi1, bmi2, adx

Memory: 4k page, physical 16689772k(8274820k free), swap 19180140k(9292268k free)

vm_info: OpenJDK 64-Bit Server VM (25.202-b03) for windows-amd64 JRE (1.8.0_202-release-1483-b03), built by "builder" with MS VC++ 10.0 (VS2010)

time: Fri Nov 08 20:04:10 2019
timezone: 中国标准时间
elapsed time: 6002 seconds (0d 1h 40m 2s)

